<?xml version="1.0" encoding="utf-8"?><testsuites><testsuite name="pytest" errors="0" failures="0" skipped="0" tests="5" time="0.011" timestamp="2024-11-21T09:08:38.102952+01:00" hostname="MacBook-Pro-van-Bas.local"><testcase classname="test_bmi_calculator.TestBMICalculator" name="test_bmi_normal" time="0.000" /><testcase classname="test_bmi_calculator.TestBMICalculator" name="test_bmi_overweight" time="0.000" /><testcase classname="test_bmi_calculator.TestBMICalculator" name="test_bmi_underweight" time="0.000" /><testcase classname="test_bmi_calculator.TestBMICalculator" name="test_negative_height" time="0.000" /><testcase classname="test_bmi_calculator.TestBMICalculator" name="test_zero_height" time="0.000" /></testsuite></testsuites>