<?xml version="1.0" encoding="utf-8"?><testsuites><testsuite name="pytest" errors="0" failures="1" skipped="0" tests="5" time="0.023" timestamp="2024-11-22T08:52:11.500664+01:00" hostname="MacBook-Pro-van-Bas.local"><testcase classname="test_bmi_calculator.TestBMICalculator" name="test_bmi_normal" time="0.001" /><testcase classname="test_bmi_calculator.TestBMICalculator" name="test_bmi_overweight" time="0.000" /><testcase classname="test_bmi_calculator.TestBMICalculator" name="test_bmi_underweight" time="0.000" /><testcase classname="test_bmi_calculator.TestBMICalculator" name="test_negative_height" time="0.000" /><testcase classname="test_bmi_calculator.TestBMICalculator" name="test_zero_height" time="0.000"><failure message="ZeroDivisionError: division by zero">self = &lt;test_bmi_calculator.TestBMICalculator testMethod=test_zero_height&gt;

    def test_zero_height(self):
        with self.assertRaises(ValueError):
&gt;           calculate_bmi(70, 0)

test_bmi_calculator.py:17: 
_ _ _ _ _ _ _ _ _ _ _ _ _ _ _ _ _ _ _ _ _ _ _ _ _ _ _ _ _ _ _ _ _ _ _ _ _ _ _ _ _ _ _ _ _ _ _ _ _ _ _ _ _ _ _ _ _ _ _ _ _ _ _ _ _ _ _ _

    def calculate_bmi(weight, height):
        """
        Calculate BMI given weight in kilograms and height in meters.
        """
        if height &lt; 0:
            raise ValueError("Height must be greater than zero")
&gt;       return weight / (height ** 2)
E       ZeroDivisionError: division by zero

bmi_calculator.py:7: ZeroDivisionError</failure></testcase></testsuite></testsuites>